<?xml version="1.0" encoding="UTF-8"?>
<!-- Generated by org.testng.reporters.JUnitReportReporter -->
<testsuite hostname="WIN-MU3SL7BQS62" name="twitterFetcherTask.twitterFetcherTask.TwitterFetcherTest" tests="3" failures="0" timestamp="13 Dec 2014 11:47:11 GMT" time="10.213" errors="0">
  <testcase name="authentication" time="0.070" classname="twitterFetcherTask.twitterFetcherTask.TwitterFetcherTest"/>
  <testcase name="tweetServ" time="9.902" classname="twitterFetcherTask.twitterFetcherTask.TwitterFetcherTest"/>
  <testcase name="setupDb" time="0.241" classname="twitterFetcherTask.twitterFetcherTask.TwitterFetcherTest"/>
</testsuite> <!-- twitterFetcherTask.twitterFetcherTask.TwitterFetcherTest -->
